<?xml version="1.0" encoding="UTF-8"?>
<!-- Generated by org.testng.reporters.JUnitReportReporter -->
<testsuite hostname="DESKTOP-59J5NO5" failures="0" tests="1" name="tasks_musalasoft.org.musalasoft.TestCase1" time="178.372" errors="0" timestamp="2022-08-15T00:11:38 EET" skipped="0">
  <testcase classname="tasks_musalasoft.org.musalasoft.TestCase1" name="TC_01" time="178.372"/>
  <system-out/>
</testsuite> <!-- tasks_musalasoft.org.musalasoft.TestCase1 -->
